<?xml version="1.0" encoding="UTF-8"?>
<!-- Generated by org.testng.reporters.JUnitReportReporter -->
<testsuite hostname="win2012" name="testScripts.TestScript" tests="1" failures="0" timestamp="18 Oct 2016 10:55:53 GMT" time="14.620" errors="0">
  <testcase name="tc_001" time="14.620" classname="testScripts.TestScript"/>
</testsuite> <!-- testScripts.TestScript -->
